<?xml version="1.0" encoding="UTF-8"?>
<coverage generated="1685081002058" clover="3.2.0">
  <project timestamp="1685081002058" name="All files">
    <metrics statements="125" coveredstatements="121" conditionals="65" coveredconditionals="61" methods="64" coveredmethods="62" elements="254" coveredelements="244" complexity="0" loc="125" ncloc="125" packages="5" files="19" classes="19"/>
    <package name="components">
      <metrics statements="23" coveredstatements="23" conditionals="6" coveredconditionals="6" methods="12" coveredmethods="12"/>
      <file name="Application.js" path="/Users/boom/lighthouse/week8/scheduler/src/components/Application.js">
        <metrics statements="5" coveredstatements="5" conditionals="0" coveredconditionals="0" methods="2" coveredmethods="2"/>
        <line num="22" count="16" type="stmt"/>
        <line num="24" count="16" type="stmt"/>
        <line num="26" count="16" type="stmt"/>
        <line num="28" count="20" type="stmt"/>
        <line num="41" count="16" type="stmt"/>
      </file>
      <file name="Button.js" path="/Users/boom/lighthouse/week8/scheduler/src/components/Button.js">
        <metrics statements="2" coveredstatements="2" conditionals="0" coveredconditionals="0" methods="1" coveredmethods="1"/>
        <line num="8" count="48" type="stmt"/>
        <line num="13" count="48" type="stmt"/>
      </file>
      <file name="DayList.js" path="/Users/boom/lighthouse/week8/scheduler/src/components/DayList.js">
        <metrics statements="3" coveredstatements="3" conditionals="0" coveredconditionals="0" methods="2" coveredmethods="2"/>
        <line num="6" count="16" type="stmt"/>
        <line num="7" count="20" type="stmt"/>
        <line num="18" count="16" type="stmt"/>
      </file>
      <file name="DayListItem.js" path="/Users/boom/lighthouse/week8/scheduler/src/components/DayListItem.js">
        <metrics statements="6" coveredstatements="6" conditionals="4" coveredconditionals="4" methods="3" coveredmethods="3"/>
        <line num="7" count="20" type="cond" truecount="2" falsecount="0"/>
        <line num="8" count="19" type="cond" truecount="2" falsecount="0"/>
        <line num="10" count="1" type="stmt"/>
        <line num="14" count="20" type="stmt"/>
        <line num="19" count="20" type="stmt"/>
        <line num="22" count="1" type="stmt"/>
      </file>
      <file name="InterviewerList.js" path="/Users/boom/lighthouse/week8/scheduler/src/components/InterviewerList.js">
        <metrics statements="5" coveredstatements="5" conditionals="0" coveredconditionals="0" methods="3" coveredmethods="3"/>
        <line num="9" count="22" type="stmt"/>
        <line num="10" count="32" type="stmt"/>
        <line num="17" count="3" type="stmt"/>
        <line num="22" count="22" type="stmt"/>
        <line num="30" count="2" type="stmt"/>
      </file>
      <file name="InterviewerListItem.js" path="/Users/boom/lighthouse/week8/scheduler/src/components/InterviewerListItem.js">
        <metrics statements="2" coveredstatements="2" conditionals="2" coveredconditionals="2" methods="1" coveredmethods="1"/>
        <line num="7" count="32" type="stmt"/>
        <line num="11" count="32" type="stmt"/>
      </file>
    </package>
    <package name="components.Appointment">
      <metrics statements="51" coveredstatements="50" conditionals="30" coveredconditionals="30" methods="23" coveredmethods="22"/>
      <file name="Confirm.js" path="/Users/boom/lighthouse/week8/scheduler/src/components/Appointment/Confirm.js">
        <metrics statements="1" coveredstatements="1" conditionals="0" coveredconditionals="0" methods="1" coveredmethods="1"/>
        <line num="6" count="2" type="stmt"/>
      </file>
      <file name="Empty.js" path="/Users/boom/lighthouse/week8/scheduler/src/components/Appointment/Empty.js">
        <metrics statements="1" coveredstatements="1" conditionals="0" coveredconditionals="0" methods="1" coveredmethods="1"/>
        <line num="4" count="26" type="stmt"/>
      </file>
      <file name="Error.js" path="/Users/boom/lighthouse/week8/scheduler/src/components/Appointment/Error.js">
        <metrics statements="1" coveredstatements="1" conditionals="0" coveredconditionals="0" methods="1" coveredmethods="1"/>
        <line num="4" count="2" type="stmt"/>
      </file>
      <file name="Form.js" path="/Users/boom/lighthouse/week8/scheduler/src/components/Appointment/Form.js">
        <metrics statements="22" coveredstatements="21" conditionals="8" coveredconditionals="8" methods="7" coveredmethods="6"/>
        <line num="7" count="22" type="cond" truecount="2" falsecount="0"/>
        <line num="8" count="22" type="cond" truecount="2" falsecount="0"/>
        <line num="9" count="22" type="stmt"/>
        <line num="12" count="1" type="stmt"/>
        <line num="13" count="1" type="stmt"/>
        <line num="14" count="1" type="stmt"/>
        <line num="18" count="1" type="stmt"/>
        <line num="19" count="1" type="stmt"/>
        <line num="23" count="7" type="cond" truecount="2" falsecount="0"/>
        <line num="24" count="2" type="stmt"/>
        <line num="25" count="2" type="stmt"/>
        <line num="28" count="5" type="cond" truecount="2" falsecount="0"/>
        <line num="29" count="1" type="stmt"/>
        <line num="30" count="1" type="stmt"/>
        <line num="33" count="4" type="stmt"/>
        <line num="34" count="4" type="stmt"/>
        <line num="37" count="22" type="stmt"/>
        <line num="38" count="7" type="stmt"/>
        <line num="39" count="7" type="stmt"/>
        <line num="42" count="22" type="stmt"/>
        <line num="45" count="0" type="stmt"/>
        <line num="53" count="5" type="stmt"/>
      </file>
      <file name="Header.js" path="/Users/boom/lighthouse/week8/scheduler/src/components/Appointment/Header.js">
        <metrics statements="1" coveredstatements="1" conditionals="0" coveredconditionals="0" methods="1" coveredmethods="1"/>
        <line num="4" count="57" type="stmt"/>
      </file>
      <file name="Show.js" path="/Users/boom/lighthouse/week8/scheduler/src/components/Appointment/Show.js">
        <metrics statements="1" coveredstatements="1" conditionals="2" coveredconditionals="2" methods="1" coveredmethods="1"/>
        <line num="4" count="10" type="stmt"/>
      </file>
      <file name="Status.js" path="/Users/boom/lighthouse/week8/scheduler/src/components/Appointment/Status.js">
        <metrics statements="1" coveredstatements="1" conditionals="0" coveredconditionals="0" methods="1" coveredmethods="1"/>
        <line num="4" count="13" type="stmt"/>
      </file>
      <file name="index.js" path="/Users/boom/lighthouse/week8/scheduler/src/components/Appointment/index.js">
        <metrics statements="23" coveredstatements="23" conditionals="20" coveredconditionals="20" methods="10" coveredmethods="10"/>
        <line num="16" count="57" type="stmt"/>
        <line num="17" count="57" type="stmt"/>
        <line num="18" count="57" type="stmt"/>
        <line num="19" count="57" type="stmt"/>
        <line num="20" count="57" type="stmt"/>
        <line num="21" count="57" type="stmt"/>
        <line num="22" count="57" type="stmt"/>
        <line num="23" count="57" type="stmt"/>
        <line num="24" count="57" type="stmt"/>
        <line num="26" count="57" type="stmt"/>
        <line num="31" count="3" type="stmt"/>
        <line num="36" count="3" type="stmt"/>
        <line num="38" count="3" type="stmt"/>
        <line num="40" count="2" type="stmt"/>
        <line num="41" count="1" type="stmt"/>
        <line num="45" count="2" type="stmt"/>
        <line num="46" count="2" type="stmt"/>
        <line num="48" count="1" type="stmt"/>
        <line num="49" count="1" type="stmt"/>
        <line num="52" count="57" type="stmt"/>
        <line num="55" count="2" type="cond" truecount="2" falsecount="0"/>
        <line num="60" count="2" type="stmt"/>
        <line num="61" count="1" type="stmt"/>
      </file>
    </package>
    <package name="helpers">
      <metrics statements="7" coveredstatements="7" conditionals="10" coveredconditionals="10" methods="7" coveredmethods="7"/>
      <file name="selectors.js" path="/Users/boom/lighthouse/week8/scheduler/src/helpers/selectors.js">
        <metrics statements="7" coveredstatements="7" conditionals="10" coveredconditionals="10" methods="7" coveredmethods="7"/>
        <line num="2" count="21" type="stmt"/>
        <line num="4" count="21" type="cond" truecount="4" falsecount="0"/>
        <line num="6" count="28" type="stmt"/>
        <line num="10" count="21" type="stmt"/>
        <line num="12" count="21" type="cond" truecount="4" falsecount="0"/>
        <line num="14" count="26" type="stmt"/>
        <line num="18" count="22" type="stmt"/>
      </file>
    </package>
    <package name="hooks">
      <metrics statements="29" coveredstatements="26" conditionals="9" coveredconditionals="5" methods="18" coveredmethods="17"/>
      <file name="useApplicationData.js" path="/Users/boom/lighthouse/week8/scheduler/src/hooks/useApplicationData.js">
        <metrics statements="11" coveredstatements="11" conditionals="0" coveredconditionals="0" methods="8" coveredmethods="8"/>
        <line num="14" count="16" type="stmt"/>
        <line num="21" count="16" type="stmt"/>
        <line num="23" count="16" type="stmt"/>
        <line num="24" count="6" type="stmt"/>
        <line num="30" count="6" type="stmt"/>
        <line num="39" count="16" type="stmt"/>
        <line num="42" count="3" type="stmt"/>
        <line num="43" count="2" type="stmt"/>
        <line num="52" count="2" type="stmt"/>
        <line num="53" count="1" type="stmt"/>
        <line num="61" count="16" type="stmt"/>
      </file>
      <file name="useRealtimeUpdate.js" path="/Users/boom/lighthouse/week8/scheduler/src/hooks/useRealtimeUpdate.js">
        <metrics statements="8" coveredstatements="5" conditionals="4" coveredconditionals="0" methods="4" coveredmethods="3"/>
        <line num="5" count="16" type="stmt"/>
        <line num="6" count="6" type="stmt"/>
        <line num="8" count="6" type="stmt"/>
        <line num="9" count="0" type="stmt"/>
        <line num="11" count="0" type="cond" truecount="0" falsecount="4"/>
        <line num="12" count="0" type="stmt"/>
        <line num="16" count="6" type="stmt"/>
        <line num="17" count="6" type="stmt"/>
      </file>
      <file name="useVisualMode.js" path="/Users/boom/lighthouse/week8/scheduler/src/hooks/useVisualMode.js">
        <metrics statements="10" coveredstatements="10" conditionals="5" coveredconditionals="5" methods="6" coveredmethods="6"/>
        <line num="4" count="70" type="stmt"/>
        <line num="5" count="70" type="stmt"/>
        <line num="7" count="70" type="cond" truecount="1" falsecount="0"/>
        <line num="8" count="20" type="stmt"/>
        <line num="9" count="20" type="cond" truecount="2" falsecount="0"/>
        <line num="12" count="70" type="stmt"/>
        <line num="13" count="5" type="cond" truecount="2" falsecount="0"/>
        <line num="14" count="1" type="stmt"/>
        <line num="16" count="4" type="stmt"/>
        <line num="22" count="70" type="stmt"/>
      </file>
    </package>
    <package name="reducers">
      <metrics statements="15" coveredstatements="15" conditionals="10" coveredconditionals="10" methods="4" coveredmethods="4"/>
      <file name="application.js" path="/Users/boom/lighthouse/week8/scheduler/src/reducers/application.js">
        <metrics statements="15" coveredstatements="15" conditionals="10" coveredconditionals="10" methods="4" coveredmethods="4"/>
        <line num="1" count="2" type="stmt"/>
        <line num="2" count="2" type="stmt"/>
        <line num="3" count="2" type="stmt"/>
        <line num="6" count="11" type="cond" truecount="4" falsecount="0"/>
        <line num="8" count="1" type="stmt"/>
        <line num="10" count="6" type="stmt"/>
        <line num="17" count="3" type="stmt"/>
        <line num="22" count="3" type="stmt"/>
        <line num="27" count="3" type="stmt"/>
        <line num="28" count="3" type="stmt"/>
        <line num="30" count="6" type="cond" truecount="2" falsecount="0"/>
        <line num="34" count="3" type="stmt"/>
        <line num="35" count="6" type="cond" truecount="2" falsecount="0"/>
        <line num="43" count="3" type="stmt"/>
        <line num="50" count="1" type="stmt"/>
      </file>
    </package>
  </project>
</coverage>
